14:24:33.527 [main] INFO  Main - Starting application...
14:24:34.407 [JavaFX Application Thread] INFO  o.h.jpa.internal.util.LogHelper - HHH000204: Processing PersistenceUnitInfo [
	name: myPU
	...]
14:24:34.523 [JavaFX Application Thread] INFO  org.hibernate.Version - HHH000412: Hibernate Core {4.3.6.Final}
14:24:34.525 [JavaFX Application Thread] INFO  org.hibernate.cfg.Environment - HHH000206: hibernate.properties not found
14:24:34.527 [JavaFX Application Thread] INFO  org.hibernate.cfg.Environment - HHH000021: Bytecode provider name : javassist
14:24:34.781 [JavaFX Application Thread] INFO  o.h.annotations.common.Version - HCANN000001: Hibernate Commons Annotations {4.0.5.Final}
14:24:35.387 [JavaFX Application Thread] INFO  org.hibernate.dialect.Dialect - HHH000400: Using dialect: org.hibernate.dialect.PostgresPlusDialect
14:24:35.402 [JavaFX Application Thread] INFO  o.h.e.j.internal.LobCreatorBuilder - HHH000424: Disabling contextual LOB creation as createClob() method threw error : java.lang.reflect.InvocationTargetException
14:24:35.614 [JavaFX Application Thread] INFO  o.h.h.i.a.ASTQueryTranslatorFactory - HHH000397: Using ASTQueryTranslatorFactory
14:24:36.093 [JavaFX Application Thread] INFO  o.h.tool.hbm2ddl.SchemaUpdate - HHH000228: Running hbm2ddl schema update
14:24:36.093 [JavaFX Application Thread] INFO  o.h.tool.hbm2ddl.SchemaUpdate - HHH000102: Fetching database metadata
14:24:36.098 [JavaFX Application Thread] INFO  o.h.tool.hbm2ddl.SchemaUpdate - HHH000396: Updating schema
14:24:36.173 [JavaFX Application Thread] INFO  o.h.tool.hbm2ddl.TableMetadata - HHH000261: Table found: public.categories
14:24:36.174 [JavaFX Application Thread] INFO  o.h.tool.hbm2ddl.TableMetadata - HHH000037: Columns: [created, parent_id, name, id]
14:24:36.174 [JavaFX Application Thread] INFO  o.h.tool.hbm2ddl.TableMetadata - HHH000108: Foreign keys: [fk_2n3awjv8ah4gl5ca1bq26sori]
14:24:36.174 [JavaFX Application Thread] INFO  o.h.tool.hbm2ddl.TableMetadata - HHH000126: Indexes: [categories_pkey]
14:24:36.199 [JavaFX Application Thread] INFO  o.h.tool.hbm2ddl.TableMetadata - HHH000261: Table found: public.contracts
14:24:36.199 [JavaFX Application Thread] INFO  o.h.tool.hbm2ddl.TableMetadata - HHH000037: Columns: [datetopickup, code, created, totalprice, payoutcontent, renewedcontract, content, daystokeep, dateto, paid, id, datefrom, customer_id, profit, renewedfromcontract, status]
14:24:36.199 [JavaFX Application Thread] INFO  o.h.tool.hbm2ddl.TableMetadata - HHH000108: Foreign keys: [fk_1th2ajxr9llw8w4o8hc01ktv4, fk_529pawax05h2bluyn796vpqio, fk_2b1dfmhmwf2x64a9irviapvq2]
14:24:36.199 [JavaFX Application Thread] INFO  o.h.tool.hbm2ddl.TableMetadata - HHH000126: Indexes: [contracts_pkey]
14:24:36.226 [JavaFX Application Thread] INFO  o.h.tool.hbm2ddl.TableMetadata - HHH000261: Table found: public.customers
14:24:36.226 [JavaFX Application Thread] INFO  o.h.tool.hbm2ddl.TableMetadata - HHH000037: Columns: [op, firstname, address, birthdate, code, created, lastname, ico, phone, id, opauthority, dico, email]
14:24:36.226 [JavaFX Application Thread] INFO  o.h.tool.hbm2ddl.TableMetadata - HHH000108: Foreign keys: []
14:24:36.226 [JavaFX Application Thread] INFO  o.h.tool.hbm2ddl.TableMetadata - HHH000126: Indexes: [customers_pkey]
14:24:36.252 [JavaFX Application Thread] INFO  o.h.tool.hbm2ddl.TableMetadata - HHH000261: Table found: public.options
14:24:36.252 [JavaFX Application Thread] INFO  o.h.tool.hbm2ddl.TableMetadata - HHH000037: Columns: [name, id, value]
14:24:36.253 [JavaFX Application Thread] INFO  o.h.tool.hbm2ddl.TableMetadata - HHH000108: Foreign keys: []
14:24:36.253 [JavaFX Application Thread] INFO  o.h.tool.hbm2ddl.TableMetadata - HHH000126: Indexes: [uk_9o64ripk4tkpj6osqw3d3mpcf, options_pkey]
14:24:36.277 [JavaFX Application Thread] INFO  o.h.tool.hbm2ddl.TableMetadata - HHH000261: Table found: public.order_items
14:24:36.277 [JavaFX Application Thread] INFO  o.h.tool.hbm2ddl.TableMetadata - HHH000037: Columns: [total_price, price, product_id, count, id, order_id]
14:24:36.277 [JavaFX Application Thread] INFO  o.h.tool.hbm2ddl.TableMetadata - HHH000108: Foreign keys: [fk_9gap2fmw66v092ntb58rtohwh, fk_3fea23hxar30bx7m7h8ed25n9]
14:24:36.277 [JavaFX Application Thread] INFO  o.h.tool.hbm2ddl.TableMetadata - HHH000126: Indexes: [order_items_pkey]
14:24:36.304 [JavaFX Application Thread] INFO  o.h.tool.hbm2ddl.TableMetadata - HHH000261: Table found: public.orders
14:24:36.304 [JavaFX Application Thread] INFO  o.h.tool.hbm2ddl.TableMetadata - HHH000037: Columns: [code, created, totalprice, id, status]
14:24:36.305 [JavaFX Application Thread] INFO  o.h.tool.hbm2ddl.TableMetadata - HHH000108: Foreign keys: []
14:24:36.305 [JavaFX Application Thread] INFO  o.h.tool.hbm2ddl.TableMetadata - HHH000126: Indexes: [orders_pkey]
14:24:36.328 [JavaFX Application Thread] INFO  o.h.tool.hbm2ddl.TableMetadata - HHH000261: Table found: public.product_categories
14:24:36.329 [JavaFX Application Thread] INFO  o.h.tool.hbm2ddl.TableMetadata - HHH000037: Columns: [category_id, product_id]
14:24:36.329 [JavaFX Application Thread] INFO  o.h.tool.hbm2ddl.TableMetadata - HHH000108: Foreign keys: [fk_hc74hlx9wb51pq4wepgeknmu0, fk_lguc79qdx3s3fa3kbwdl0tudq]
14:24:36.329 [JavaFX Application Thread] INFO  o.h.tool.hbm2ddl.TableMetadata - HHH000126: Indexes: [product_categories_pkey]
14:24:36.353 [JavaFX Application Thread] INFO  o.h.tool.hbm2ddl.TableMetadata - HHH000261: Table found: public.products
14:24:36.353 [JavaFX Application Thread] INFO  o.h.tool.hbm2ddl.TableMetadata - HHH000037: Columns: [penale, total_sale_price, code, contract_id, description, is_lower_price, total_lower_price, type, renewedfromproduct, price, total_storage_fee, originalcount, id, withdrawal_fee, total_price, created, count, renewedproduct, datesold, sale_price, storage_fee, lower_price, name, parts, repeated_sale, status]
14:24:36.354 [JavaFX Application Thread] INFO  o.h.tool.hbm2ddl.TableMetadata - HHH000108: Foreign keys: [fk_fqenvf73frxiaj8pwkaxg7mb, fk_kvehrpgcuqekuis50s0r3lu93, fk_swe3738t7o59tf6im253ejbgr]
14:24:36.354 [JavaFX Application Thread] INFO  o.h.tool.hbm2ddl.TableMetadata - HHH000126: Indexes: [products_pkey]
14:24:36.357 [JavaFX Application Thread] INFO  java.sql.DatabaseMetaData - HHH000262: Table not found: "hibernate_sequence"
14:24:36.359 [JavaFX Application Thread] INFO  java.sql.DatabaseMetaData - HHH000262: Table not found: "hibernate_sequences"
14:24:36.366 [JavaFX Application Thread] ERROR o.h.tool.hbm2ddl.SchemaUpdate - HHH000388: Unsuccessful: create sequence "hibernate_sequence"
14:24:36.366 [JavaFX Application Thread] ERROR o.h.tool.hbm2ddl.SchemaUpdate - ERROR: relation "hibernate_sequence" already exists
14:24:36.368 [JavaFX Application Thread] ERROR o.h.tool.hbm2ddl.SchemaUpdate - HHH000388: Unsuccessful: create table "hibernate_sequences" ( "sequence_name" varchar(255),  "sequence_next_hi_value" int4 )
14:24:36.369 [JavaFX Application Thread] ERROR o.h.tool.hbm2ddl.SchemaUpdate - ERROR: relation "hibernate_sequences" already exists
14:24:36.369 [JavaFX Application Thread] INFO  o.h.tool.hbm2ddl.SchemaUpdate - HHH000232: Schema update complete
